# JRE version: OpenJDK Runtime Environment (23.0.2+7) (build 23.0.2+7-58)
# Java VM: OpenJDK 64-Bit Server VM (23.0.2+7-58, mixed mode, sharing, tiered, compressed oops, compressed class ptrs, g1 gc, windows-amd64)
GC Precious Log:
 CardTable entry size: 512
 Card Set container configuration: InlinePtr #cards 4 size 8 Array Of Cards #cards 16 size 48 Howl #buckets 8 coarsen threshold 3686 Howl Bitmap #cards 512 size 80 coarsen threshold 460 Card regions per heap region 1 cards per card region 4096
 CPUs: 12 total, 12 available
 Memory: 16076M
 Large Page Support: Disabled
 NUMA Support: Disabled
 Compressed Oops: Enabled (Zero based)
 Heap Region Size: 2M
 Heap Min Capacity: 8M
 Heap Initial Capacity: 252M
 Heap Max Capacity: 4020M
 Pre-touch: Disabled
 Parallel Workers: 10
 Concurrent Workers: 3
 Concurrent Refinement Workers: 10
 Periodic GC: Disabled
Heap:
 garbage-first heap   total reserved 4116480K, committed 409600K, used 11294K [0x0000000704c00000, 0x0000000800000000)
  region size 2048K, 2 young (4096K), 2 survivors (4096K)
 Metaspace       used 13947K, committed 14272K, reserved 1114112K
  class space    used 1839K, committed 1984K, reserved 1048576K
GC Heap History (20 events):
Event: 1.381 GC heap after
{Heap after GC invocations=1 (full 0):
 garbage-first heap   total reserved 4116480K, committed 258048K, used 4109K [0x0000000704c00000, 0x0000000800000000)
  region size 2048K, 2 young (4096K), 2 survivors (4096K)
 Metaspace       used 5228K, committed 5440K, reserved 1114112K
  class space    used 602K, committed 704K, reserved 1048576K
}
Event: 2.559 GC heap before
{Heap before GC invocations=1 (full 0):
 garbage-first heap   total reserved 4116480K, committed 258048K, used 24589K [0x0000000704c00000, 0x0000000800000000)
  region size 2048K, 13 young (26624K), 2 survivors (4096K)
 Metaspace       used 10893K, committed 11200K, reserved 1114112K
  class space    used 1324K, committed 1472K, reserved 1048576K
}
Event: 2.570 GC heap after
{Heap after GC invocations=2 (full 0):
 garbage-first heap   total reserved 4116480K, committed 258048K, used 8579K [0x0000000704c00000, 0x0000000800000000)
  region size 2048K, 2 young (4096K), 2 survivors (4096K)
 Metaspace       used 10893K, committed 11200K, reserved 1114112K
  class space    used 1324K, committed 1472K, reserved 1048576K
}
Event: 2.798 GC heap before
{Heap before GC invocations=2 (full 0):
 garbage-first heap   total reserved 4116480K, committed 258048K, used 63875K [0x0000000704c00000, 0x0000000800000000)
  region size 2048K, 29 young (59392K), 2 survivors (4096K)
 Metaspace       used 12643K, committed 12992K, reserved 1114112K
  class space    used 1629K, committed 1792K, reserved 1048576K
}
Event: 2.802 GC heap after
{Heap after GC invocations=3 (full 0):
 garbage-first heap   total reserved 4116480K, committed 258048K, used 6853K [0x0000000704c00000, 0x0000000800000000)
  region size 2048K, 2 young (4096K), 2 survivors (4096K)
 Metaspace       used 12643K, committed 12992K, reserved 1114112K
  class space    used 1629K, committed 1792K, reserved 1048576K
}
Event: 2.881 GC heap before
{Heap before GC invocations=3 (full 0):
 garbage-first heap   total reserved 4116480K, committed 258048K, used 78533K [0x0000000704c00000, 0x0000000800000000)
  region size 2048K, 37 young (75776K), 2 survivors (4096K)
 Metaspace       used 13102K, committed 13440K, reserved 1114112K
  class space    used 1706K, committed 1856K, reserved 1048576K
}
Event: 2.886 GC heap after
{Heap after GC invocations=4 (full 0):
 garbage-first heap   total reserved 4116480K, committed 258048K, used 7059K [0x0000000704c00000, 0x0000000800000000)
  region size 2048K, 2 young (4096K), 2 survivors (4096K)
 Metaspace       used 13102K, committed 13440K, reserved 1114112K
  class space    used 1706K, committed 1856K, reserved 1048576K
}
Event: 2.950 GC heap before
{Heap before GC invocations=4 (full 0):
 garbage-first heap   total reserved 4116480K, committed 258048K, used 109459K [0x0000000704c00000, 0x0000000800000000)
  region size 2048K, 52 young (106496K), 2 survivors (4096K)
 Metaspace       used 13148K, committed 13504K, reserved 1114112K
  class space    used 1710K, committed 1856K, reserved 1048576K
}
Event: 2.955 GC heap after
{Heap after GC invocations=5 (full 0):
 garbage-first heap   total reserved 4116480K, committed 258048K, used 6959K [0x0000000704c00000, 0x0000000800000000)
  region size 2048K, 2 young (4096K), 2 survivors (4096K)
 Metaspace       used 13148K, committed 13504K, reserved 1114112K
  class space    used 1710K, committed 1856K, reserved 1048576K
}
Event: 3.015 GC heap before
{Heap before GC invocations=5 (full 0):
 garbage-first heap   total reserved 4116480K, committed 258048K, used 138031K [0x0000000704c00000, 0x0000000800000000)
  region size 2048K, 66 young (135168K), 2 survivors (4096K)
 Metaspace       used 13464K, committed 13824K, reserved 1114112K
  class space    used 1748K, committed 1920K, reserved 1048576K
}
Event: 3.019 GC heap after
{Heap after GC invocations=6 (full 0):
 garbage-first heap   total reserved 4116480K, committed 258048K, used 7075K [0x0000000704c00000, 0x0000000800000000)
  region size 2048K, 2 young (4096K), 2 survivors (4096K)
 Metaspace       used 13464K, committed 13824K, reserved 1114112K
  class space    used 1748K, committed 1920K, reserved 1048576K
}
Event: 3.069 GC heap before
{Heap before GC invocations=6 (full 0):
 garbage-first heap   total reserved 4116480K, committed 258048K, used 154531K [0x0000000704c00000, 0x0000000800000000)
  region size 2048K, 74 young (151552K), 2 survivors (4096K)
 Metaspace       used 13665K, committed 13952K, reserved 1114112K
  class space    used 1782K, committed 1920K, reserved 1048576K
}
Event: 3.077 GC heap after
{Heap after GC invocations=7 (full 0):
 garbage-first heap   total reserved 4116480K, committed 409600K, used 7093K [0x0000000704c00000, 0x0000000800000000)
  region size 2048K, 2 young (4096K), 2 survivors (4096K)
 Metaspace       used 13665K, committed 13952K, reserved 1114112K
  class space    used 1782K, committed 1920K, reserved 1048576K
}
Event: 3.121 GC heap before
{Heap before GC invocations=7 (full 0):
 garbage-first heap   total reserved 4116480K, committed 409600K, used 213941K [0x0000000704c00000, 0x0000000800000000)
  region size 2048K, 103 young (210944K), 2 survivors (4096K)
 Metaspace       used 13676K, committed 13952K, reserved 1114112K
  class space    used 1784K, committed 1920K, reserved 1048576K
}
Event: 3.125 GC heap after
{Heap after GC invocations=8 (full 0):
 garbage-first heap   total reserved 4116480K, committed 409600K, used 7064K [0x0000000704c00000, 0x0000000800000000)
  region size 2048K, 2 young (4096K), 2 survivors (4096K)
 Metaspace       used 13676K, committed 13952K, reserved 1114112K
  class space    used 1784K, committed 1920K, reserved 1048576K
}
Event: 3.165 GC heap before
{Heap before GC invocations=8 (full 0):
 garbage-first heap   total reserved 4116480K, committed 409600K, used 248728K [0x0000000704c00000, 0x0000000800000000)
  region size 2048K, 120 young (245760K), 2 survivors (4096K)
 Metaspace       used 13779K, committed 14144K, reserved 1114112K
  class space    used 1805K, committed 1984K, reserved 1048576K
}
Event: 3.170 GC heap after
{Heap after GC invocations=9 (full 0):
 garbage-first heap   total reserved 4116480K, committed 409600K, used 7050K [0x0000000704c00000, 0x0000000800000000)
  region size 2048K, 2 young (4096K), 2 survivors (4096K)
 Metaspace       used 13779K, committed 14144K, reserved 1114112K
  class space    used 1805K, committed 1984K, reserved 1048576K
}
Event: 3.222 GC heap before
{Heap before GC invocations=9 (full 0):
 garbage-first heap   total reserved 4116480K, committed 409600K, used 248714K [0x0000000704c00000, 0x0000000800000000)
  region size 2048K, 120 young (245760K), 2 survivors (4096K)
 Metaspace       used 13907K, committed 14272K, reserved 1114112K
  class space    used 1837K, committed 1984K, reserved 1048576K
}
Event: 3.228 GC heap after
{Heap after GC invocations=10 (full 0):
 garbage-first heap   total reserved 4116480K, committed 409600K, used 7092K [0x0000000704c00000, 0x0000000800000000)
  region size 2048K, 2 young (4096K), 2 survivors (4096K)
 Metaspace       used 13907K, committed 14272K, reserved 1114112K
  class space    used 1837K, committed 1984K, reserved 1048576K
}
Event: 3.295 GC heap before
{Heap before GC invocations=10 (full 0):
 garbage-first heap   total reserved 4116480K, committed 409600K, used 252852K [0x0000000704c00000, 0x0000000800000000)
  region size 2048K, 120 young (245760K), 2 survivors (4096K)
 Metaspace       used 13947K, committed 14272K, reserved 1114112K
  class space    used 1839K, committed 1984K, reserved 1048576K
}

